<?xml version="1.0" encoding="UTF-8"?>
<!-- Generated by org.testng.reporters.JUnitXMLReporter -->
<testsuite hostname="IFDS3965" name="Default test" tests="6" failures="0" timestamp="2 Mar 2015 22:11:41 GMT" time="112.897" errors="0">
  <testcase name="loadJenkinsInstance" time="4.108" classname="com.cwctravel.hudson.plugins.extended_choice_parameter.ExtendedChoiceParameterSeleniumTestNG"/>
  <testcase name="login" time="4.79" classname="com.cwctravel.hudson.plugins.extended_choice_parameter.ExtendedChoiceParameterSeleniumTestNG"/>
  <testcase name="createNewJob" time="7.273" classname="com.cwctravel.hudson.plugins.extended_choice_parameter.ExtendedChoiceParameterSeleniumTestNG"/>
  <testcase name="configureJob" time="41.297" classname="com.cwctravel.hudson.plugins.extended_choice_parameter.ExtendedChoiceParameterSeleniumTestNG"/>
  <testcase name="buildJob" time="32.513" classname="com.cwctravel.hudson.plugins.extended_choice_parameter.ExtendedChoiceParameterSeleniumTestNG"/>
  <testcase name="checkConsoleOutput" time="10.239" classname="com.cwctravel.hudson.plugins.extended_choice_parameter.ExtendedChoiceParameterSeleniumTestNG"/>
</testsuite> <!-- Default test -->
