<?xml version="1.0" encoding="UTF-8"?>
<testng-results skipped="0" failed="0" total="6" passed="6">
  <reporter-output>
  </reporter-output>
  <suite name="Default suite" duration-ms="112969" started-at="2015-03-03T15:29:22Z" finished-at="2015-03-03T15:31:15Z">
    <groups>
    </groups>
    <test name="Default test" duration-ms="112969" started-at="2015-03-03T15:29:22Z" finished-at="2015-03-03T15:31:15Z">
      <class name="com.cwctravel.hudson.plugins.extended_choice_parameter.ExtendedChoiceParameterSeleniumTestNG">
        <test-method status="PASS" signature="init()[pri:0, instance:com.cwctravel.hudson.plugins.extended_choice_parameter.ExtendedChoiceParameterSeleniumTestNG@6e1ec318]" name="init" is-config="true" duration-ms="2380" started-at="2015-03-03T10:29:22Z" finished-at="2015-03-03T10:29:24Z">
          <reporter-output>
          </reporter-output>
        </test-method> <!-- init -->
        <test-method status="PASS" signature="loadJenkinsInstance()[pri:0, instance:com.cwctravel.hudson.plugins.extended_choice_parameter.ExtendedChoiceParameterSeleniumTestNG@6e1ec318]" name="loadJenkinsInstance" duration-ms="4372" started-at="2015-03-03T10:29:24Z" finished-at="2015-03-03T10:29:28Z">
          <reporter-output>
          </reporter-output>
        </test-method> <!-- loadJenkinsInstance -->
        <test-method status="PASS" signature="login()[pri:0, instance:com.cwctravel.hudson.plugins.extended_choice_parameter.ExtendedChoiceParameterSeleniumTestNG@6e1ec318]" name="login" duration-ms="4816" started-at="2015-03-03T10:29:28Z" finished-at="2015-03-03T10:29:33Z">
          <reporter-output>
          </reporter-output>
        </test-method> <!-- login -->
        <test-method status="PASS" signature="createNewJob()[pri:0, instance:com.cwctravel.hudson.plugins.extended_choice_parameter.ExtendedChoiceParameterSeleniumTestNG@6e1ec318]" name="createNewJob" duration-ms="6953" started-at="2015-03-03T10:29:33Z" depends-on-methods="com.cwctravel.hudson.plugins.extended_choice_parameter.ExtendedChoiceParameterSeleniumTestNG.login" finished-at="2015-03-03T10:29:40Z">
          <reporter-output>
          </reporter-output>
        </test-method> <!-- createNewJob -->
        <test-method status="PASS" signature="configureJob()[pri:0, instance:com.cwctravel.hudson.plugins.extended_choice_parameter.ExtendedChoiceParameterSeleniumTestNG@6e1ec318]" name="configureJob" duration-ms="41193" started-at="2015-03-03T10:29:40Z" depends-on-methods="com.cwctravel.hudson.plugins.extended_choice_parameter.ExtendedChoiceParameterSeleniumTestNG.createNewJob" finished-at="2015-03-03T10:30:21Z">
          <reporter-output>
          </reporter-output>
        </test-method> <!-- configureJob -->
        <test-method status="PASS" signature="buildJob()[pri:0, instance:com.cwctravel.hudson.plugins.extended_choice_parameter.ExtendedChoiceParameterSeleniumTestNG@6e1ec318]" name="buildJob" duration-ms="32381" started-at="2015-03-03T10:30:21Z" depends-on-methods="com.cwctravel.hudson.plugins.extended_choice_parameter.ExtendedChoiceParameterSeleniumTestNG.configureJob" finished-at="2015-03-03T10:30:54Z">
          <reporter-output>
          </reporter-output>
        </test-method> <!-- buildJob -->
        <test-method status="PASS" signature="checkConsoleOutput()[pri:0, instance:com.cwctravel.hudson.plugins.extended_choice_parameter.ExtendedChoiceParameterSeleniumTestNG@6e1ec318]" name="checkConsoleOutput" duration-ms="10245" started-at="2015-03-03T10:30:54Z" depends-on-methods="com.cwctravel.hudson.plugins.extended_choice_parameter.ExtendedChoiceParameterSeleniumTestNG.buildJob" finished-at="2015-03-03T10:31:04Z">
          <reporter-output>
          </reporter-output>
        </test-method> <!-- checkConsoleOutput -->
        <test-method status="PASS" signature="deleteJobAndFinish()[pri:0, instance:com.cwctravel.hudson.plugins.extended_choice_parameter.ExtendedChoiceParameterSeleniumTestNG@6e1ec318]" name="deleteJobAndFinish" is-config="true" duration-ms="10616" started-at="2015-03-03T10:31:04Z" finished-at="2015-03-03T10:31:15Z">
          <reporter-output>
          </reporter-output>
        </test-method> <!-- deleteJobAndFinish -->
      </class> <!-- com.cwctravel.hudson.plugins.extended_choice_parameter.ExtendedChoiceParameterSeleniumTestNG -->
    </test> <!-- Default test -->
  </suite> <!-- Default suite -->
</testng-results>
