<?xml version="1.0" encoding="UTF-8"?>
<testng-results skipped="0" failed="2" total="4" passed="2">
  <reporter-output>
  </reporter-output>
  <suite name="Default suite" duration-ms="30" started-at="2015-02-09T18:23:25Z" finished-at="2015-02-09T18:23:25Z">
    <groups>
    </groups>
    <test name="Default test" duration-ms="30" started-at="2015-02-09T18:23:25Z" finished-at="2015-02-09T18:23:25Z">
      <class name="com.cwctravel.hudson.plugins.extended_choice_parameter.ExtendedChoiceParameterDefinitionTestTwo">
        <test-method status="FAIL" signature="first()[pri:0, instance:com.cwctravel.hudson.plugins.extended_choice_parameter.ExtendedChoiceParameterDefinitionTestTwo@644bffa1]" name="first" duration-ms="7" started-at="2015-02-09T13:23:25Z" finished-at="2015-02-09T13:23:25Z">
          <exception class="java.lang.NullPointerException">
            <full-stacktrace>
              <![CDATA[java.lang.NullPointerException
	at org.jvnet.hudson.test.JenkinsRule.createUniqueProjectName(JenkinsRule.java:751)
	at org.jvnet.hudson.test.JenkinsRule.createFreeStyleProject(JenkinsRule.java:709)
	at com.cwctravel.hudson.plugins.extended_choice_parameter.ExtendedChoiceParameterDefinitionTestTwo.first(ExtendedChoiceParameterDefinitionTestTwo.java:46)
	at sun.reflect.NativeMethodAccessorImpl.invoke0(Native Method)
	at sun.reflect.NativeMethodAccessorImpl.invoke(NativeMethodAccessorImpl.java:57)
	at sun.reflect.DelegatingMethodAccessorImpl.invoke(DelegatingMethodAccessorImpl.java:43)
	at java.lang.reflect.Method.invoke(Method.java:606)
	at org.testng.internal.MethodInvocationHelper.invokeMethod(MethodInvocationHelper.java:84)
	at org.testng.internal.Invoker.invokeMethod(Invoker.java:714)
	at org.testng.internal.Invoker.invokeTestMethod(Invoker.java:901)
	at org.testng.internal.Invoker.invokeTestMethods(Invoker.java:1231)
	at org.testng.internal.TestMethodWorker.invokeTestMethods(TestMethodWorker.java:127)
	at org.testng.internal.TestMethodWorker.run(TestMethodWorker.java:111)
	at org.testng.TestRunner.privateRun(TestRunner.java:767)
	at org.testng.TestRunner.run(TestRunner.java:617)
	at org.testng.SuiteRunner.runTest(SuiteRunner.java:334)
	at org.testng.SuiteRunner.runSequentially(SuiteRunner.java:329)
	at org.testng.SuiteRunner.privateRun(SuiteRunner.java:291)
	at org.testng.SuiteRunner.run(SuiteRunner.java:240)
	at org.testng.SuiteRunnerWorker.runSuite(SuiteRunnerWorker.java:52)
	at org.testng.SuiteRunnerWorker.run(SuiteRunnerWorker.java:86)
	at org.testng.TestNG.runSuitesSequentially(TestNG.java:1224)
	at org.testng.TestNG.runSuitesLocally(TestNG.java:1149)
	at org.testng.TestNG.run(TestNG.java:1057)
	at org.testng.remote.RemoteTestNG.run(RemoteTestNG.java:111)
	at org.testng.remote.RemoteTestNG.initAndRun(RemoteTestNG.java:204)
	at org.testng.remote.RemoteTestNG.main(RemoteTestNG.java:175)
]]>
            </full-stacktrace>
          </exception> <!-- java.lang.NullPointerException -->
          <reporter-output>
          </reporter-output>
        </test-method> <!-- first -->
        <test-method status="PASS" signature="testAdd()[pri:0, instance:com.cwctravel.hudson.plugins.extended_choice_parameter.ExtendedChoiceParameterDefinitionTestTwo@644bffa1]" name="testAdd" duration-ms="1" started-at="2015-02-09T13:23:25Z" finished-at="2015-02-09T13:23:25Z">
          <reporter-output>
          </reporter-output>
        </test-method> <!-- testAdd -->
        <test-method status="FAIL" signature="testCustomBuilder()[pri:0, instance:com.cwctravel.hudson.plugins.extended_choice_parameter.ExtendedChoiceParameterDefinitionTestTwo@644bffa1]" name="testCustomBuilder" duration-ms="10" started-at="2015-02-09T13:23:25Z" finished-at="2015-02-09T13:23:25Z">
          <exception class="java.lang.NullPointerException">
            <full-stacktrace>
              <![CDATA[java.lang.NullPointerException
	at org.jvnet.hudson.test.JenkinsRule.createFreeStyleProject(JenkinsRule.java:713)
	at com.cwctravel.hudson.plugins.extended_choice_parameter.ExtendedChoiceParameterDefinitionTestTwo.testCustomBuilder(ExtendedChoiceParameterDefinitionTestTwo.java:59)
	at sun.reflect.NativeMethodAccessorImpl.invoke0(Native Method)
	at sun.reflect.NativeMethodAccessorImpl.invoke(NativeMethodAccessorImpl.java:57)
	at sun.reflect.DelegatingMethodAccessorImpl.invoke(DelegatingMethodAccessorImpl.java:43)
	at java.lang.reflect.Method.invoke(Method.java:606)
	at org.testng.internal.MethodInvocationHelper.invokeMethod(MethodInvocationHelper.java:84)
	at org.testng.internal.Invoker.invokeMethod(Invoker.java:714)
	at org.testng.internal.Invoker.invokeTestMethod(Invoker.java:901)
	at org.testng.internal.Invoker.invokeTestMethods(Invoker.java:1231)
	at org.testng.internal.TestMethodWorker.invokeTestMethods(TestMethodWorker.java:127)
	at org.testng.internal.TestMethodWorker.run(TestMethodWorker.java:111)
	at org.testng.TestRunner.privateRun(TestRunner.java:767)
	at org.testng.TestRunner.run(TestRunner.java:617)
	at org.testng.SuiteRunner.runTest(SuiteRunner.java:334)
	at org.testng.SuiteRunner.runSequentially(SuiteRunner.java:329)
	at org.testng.SuiteRunner.privateRun(SuiteRunner.java:291)
	at org.testng.SuiteRunner.run(SuiteRunner.java:240)
	at org.testng.SuiteRunnerWorker.runSuite(SuiteRunnerWorker.java:52)
	at org.testng.SuiteRunnerWorker.run(SuiteRunnerWorker.java:86)
	at org.testng.TestNG.runSuitesSequentially(TestNG.java:1224)
	at org.testng.TestNG.runSuitesLocally(TestNG.java:1149)
	at org.testng.TestNG.run(TestNG.java:1057)
	at org.testng.remote.RemoteTestNG.run(RemoteTestNG.java:111)
	at org.testng.remote.RemoteTestNG.initAndRun(RemoteTestNG.java:204)
	at org.testng.remote.RemoteTestNG.main(RemoteTestNG.java:175)
]]>
            </full-stacktrace>
          </exception> <!-- java.lang.NullPointerException -->
          <reporter-output>
          </reporter-output>
        </test-method> <!-- testCustomBuilder -->
        <test-method status="PASS" signature="testLogin()[pri:0, instance:com.cwctravel.hudson.plugins.extended_choice_parameter.ExtendedChoiceParameterDefinitionTestTwo@644bffa1]" name="testLogin" duration-ms="0" started-at="2015-02-09T13:23:25Z" finished-at="2015-02-09T13:23:25Z">
          <reporter-output>
          </reporter-output>
        </test-method> <!-- testLogin -->
      </class> <!-- com.cwctravel.hudson.plugins.extended_choice_parameter.ExtendedChoiceParameterDefinitionTestTwo -->
    </test> <!-- Default test -->
  </suite> <!-- Default suite -->
</testng-results>
